{"C:\\Users\\hjp\\Desktop\\projects\\HElement\\src\\components\\button\\Button.vue": {"path":"C:\\Users\\hjp\\Desktop\\projects\\HElement\\src\\components\\button\\Button.vue","statementMap":{"0":{"start":{"line":92,"column":0},"end":{"line":92,"column":15}},"1":{"start":{"line":98,"column":0},"end":{"line":98,"column":null}},"2":{"start":{"line":99,"column":0},"end":{"line":99,"column":null}},"3":{"start":{"line":92,"column":20},"end":{"line":92,"column":null}},"4":{"start":{"line":111,"column":21},"end":{"line":111,"column":null}},"5":{"start":{"line":112,"column":19},"end":{"line":112,"column":28}},"6":{"start":{"line":112,"column":34},"end":{"line":112,"column":39}}},"fnMap":{"0":{"name":"(anonymous_3)","decl":{"start":{"line":112,"column":28},"end":{"line":112,"column":34}},"loc":{"start":{"line":112,"column":28},"end":{"line":112,"column":null}}}},"branchMap":{"0":{"loc":{"start":{"line":112,"column":34},"end":{"line":112,"column":39}},"type":"binary-expr","locations":[{"start":{"line":112,"column":34},"end":{"line":112,"column":48}},{"start":{"line":112,"column":48},"end":{"line":112,"column":39}}]}},"s":{"0":1,"1":1,"2":1,"3":1,"4":4,"5":4,"6":4},"f":{"0":4},"b":{"0":[4,3]}}
,"C:\\Users\\hjp\\Desktop\\projects\\HElement\\src\\utils\\index.ts": {"path":"C:\\Users\\hjp\\Desktop\\projects\\HElement\\src\\utils\\index.ts","statementMap":{"0":{"start":{"line":1,"column":0},"end":{"line":1,"column":68}},"1":{"start":{"line":5,"column":53},"end":{"line":5,"column":73}},"2":{"start":{"line":6,"column":2},"end":{"line":9,"column":null}},"3":{"start":{"line":7,"column":4},"end":{"line":7,"column":47}},"4":{"start":{"line":8,"column":4},"end":{"line":8,"column":11}},"5":{"start":{"line":11,"column":2},"end":{"line":11,"column":69}},"6":{"start":{"line":4,"column":0},"end":{"line":4,"column":16}}},"fnMap":{"0":{"name":"useGlobalConfig","decl":{"start":{"line":4,"column":16},"end":{"line":4,"column":31}},"loc":{"start":{"line":4,"column":31},"end":{"line":12,"column":1}}}},"branchMap":{"0":{"loc":{"start":{"line":6,"column":2},"end":{"line":9,"column":null}},"type":"if","locations":[{"start":{"line":6,"column":2},"end":{"line":9,"column":null}}]},"1":{"loc":{"start":{"line":11,"column":9},"end":{"line":11,"column":68}},"type":"binary-expr","locations":[{"start":{"line":11,"column":9},"end":{"line":11,"column":62}},{"start":{"line":11,"column":66},"end":{"line":11,"column":68}}]}},"s":{"0":1,"1":4,"2":4,"3":0,"4":0,"5":4,"6":1},"f":{"0":4},"b":{"0":[0],"1":[4,3]}}
}
